13:28:43.024 [JavaFX Application Thread] INFO  com.interncell.Main - Starting
13:28:45.564 [JavaFX Application Thread] INFO  com.interncell.controllers.LoginPageController - msisdn is: false
13:28:47.478 [JavaFX Application Thread] DEBUG com.interncell.controllers.LoginPageController - Login: password.534945.password password.534945.password
13:28:47.738 [JavaFX Application Thread] INFO  com.interncell.controllers.LoginPageController - burestdegil@gmail.com AHMET bakana 5353535311231 5
13:28:50.044 [JavaFX Application Thread] WARN  com.interncell.SetStage - Can't load fxml file: 
javafx.fxml.LoadException: Value "dataEndDate2" does not exist.
/C:/Users/ridva/Desktop/JavaFX/i2icom/i2icom/target/classes/fxml/packageInfoPage.fxml:303

	at javafx.fxml.FXMLLoader.constructLoadException(FXMLLoader.java:2703) ~[javafx-fxml-16-win.jar:?]
	at javafx.fxml.FXMLLoader$ReferenceElement.constructValue(FXMLLoader.java:1215) ~[javafx-fxml-16-win.jar:?]
	at javafx.fxml.FXMLLoader$ValueElement.processStartElement(FXMLLoader.java:756) ~[javafx-fxml-16-win.jar:?]
	at javafx.fxml.FXMLLoader.processStartElement(FXMLLoader.java:2808) ~[javafx-fxml-16-win.jar:?]
	at javafx.fxml.FXMLLoader.loadImpl(FXMLLoader.java:2634) ~[javafx-fxml-16-win.jar:?]
	at javafx.fxml.FXMLLoader.loadImpl(FXMLLoader.java:2548) ~[javafx-fxml-16-win.jar:?]
	at javafx.fxml.FXMLLoader.loadImpl(FXMLLoader.java:3323) ~[javafx-fxml-16-win.jar:?]
	at javafx.fxml.FXMLLoader.loadImpl(FXMLLoader.java:3280) ~[javafx-fxml-16-win.jar:?]
	at javafx.fxml.FXMLLoader.loadImpl(FXMLLoader.java:3249) ~[javafx-fxml-16-win.jar:?]
	at javafx.fxml.FXMLLoader.loadImpl(FXMLLoader.java:3222) ~[javafx-fxml-16-win.jar:?]
	at javafx.fxml.FXMLLoader.loadImpl(FXMLLoader.java:3199) ~[javafx-fxml-16-win.jar:?]
	at javafx.fxml.FXMLLoader.load(FXMLLoader.java:3192) ~[javafx-fxml-16-win.jar:?]
	at com.interncell.SetStage.stageSetter(SetStage.java:21) ~[classes/:?]
	at com.interncell.PackageInfoPage.start(PackageInfoPage.java:8) ~[classes/:?]
	at com.interncell.controllers.InfoPageController.showAction(InfoPageController.java:31) ~[classes/:?]
	at jdk.internal.reflect.NativeMethodAccessorImpl.invoke0(Native Method) ~[?:?]
	at jdk.internal.reflect.NativeMethodAccessorImpl.invoke(NativeMethodAccessorImpl.java:62) ~[?:?]
	at jdk.internal.reflect.DelegatingMethodAccessorImpl.invoke(DelegatingMethodAccessorImpl.java:43) ~[?:?]
	at java.lang.reflect.Method.invoke(Method.java:566) ~[?:?]
	at com.sun.javafx.reflect.Trampoline.invoke(MethodUtil.java:76) ~[javafx-base-16-win.jar:?]
	at jdk.internal.reflect.GeneratedMethodAccessor2.invoke(Unknown Source) ~[?:?]
	at jdk.internal.reflect.DelegatingMethodAccessorImpl.invoke(DelegatingMethodAccessorImpl.java:43) ~[?:?]
	at java.lang.reflect.Method.invoke(Method.java:566) ~[?:?]
	at com.sun.javafx.reflect.MethodUtil.invoke(MethodUtil.java:273) ~[javafx-base-16-win.jar:?]
	at com.sun.javafx.fxml.MethodHelper.invoke(MethodHelper.java:83) ~[javafx-fxml-16-win.jar:?]
	at javafx.fxml.FXMLLoader$MethodHandler.invoke(FXMLLoader.java:1857) ~[javafx-fxml-16-win.jar:?]
	at javafx.fxml.FXMLLoader$ControllerMethodEventHandler.handle(FXMLLoader.java:1729) ~[javafx-fxml-16-win.jar:?]
	at com.sun.javafx.event.CompositeEventHandler.dispatchBubblingEvent(CompositeEventHandler.java:86) ~[javafx-base-16-win.jar:?]
	at com.sun.javafx.event.EventHandlerManager.dispatchBubblingEvent(EventHandlerManager.java:234) ~[javafx-base-16-win.jar:?]
	at com.sun.javafx.event.EventHandlerManager.dispatchBubblingEvent(EventHandlerManager.java:191) ~[javafx-base-16-win.jar:?]
	at com.sun.javafx.event.CompositeEventDispatcher.dispatchBubblingEvent(CompositeEventDispatcher.java:59) ~[javafx-base-16-win.jar:?]
	at com.sun.javafx.event.BasicEventDispatcher.dispatchEvent(BasicEventDispatcher.java:58) ~[javafx-base-16-win.jar:?]
	at com.sun.javafx.event.EventDispatchChainImpl.dispatchEvent(EventDispatchChainImpl.java:114) ~[javafx-base-16-win.jar:?]
	at com.sun.javafx.event.BasicEventDispatcher.dispatchEvent(BasicEventDispatcher.java:56) ~[javafx-base-16-win.jar:?]
	at com.sun.javafx.event.EventDispatchChainImpl.dispatchEvent(EventDispatchChainImpl.java:114) ~[javafx-base-16-win.jar:?]
	at com.sun.javafx.event.BasicEventDispatcher.dispatchEvent(BasicEventDispatcher.java:56) ~[javafx-base-16-win.jar:?]
	at com.sun.javafx.event.EventDispatchChainImpl.dispatchEvent(EventDispatchChainImpl.java:114) ~[javafx-base-16-win.jar:?]
	at com.sun.javafx.event.EventUtil.fireEventImpl(EventUtil.java:74) ~[javafx-base-16-win.jar:?]
	at com.sun.javafx.event.EventUtil.fireEvent(EventUtil.java:49) ~[javafx-base-16-win.jar:?]
	at javafx.event.Event.fireEvent(Event.java:198) ~[javafx-base-16-win.jar:?]
	at javafx.scene.Node.fireEvent(Node.java:8889) ~[javafx-graphics-16-win.jar:?]
	at javafx.scene.control.Button.fire(Button.java:203) ~[javafx-controls-16-win.jar:?]
	at com.sun.javafx.scene.control.behavior.ButtonBehavior.mouseReleased(ButtonBehavior.java:208) ~[javafx-controls-16-win.jar:?]
	at com.sun.javafx.scene.control.inputmap.InputMap.handle(InputMap.java:274) ~[javafx-controls-16-win.jar:?]
	at com.sun.javafx.event.CompositeEventHandler$NormalEventHandlerRecord.handleBubblingEvent(CompositeEventHandler.java:247) ~[javafx-base-16-win.jar:?]
	at com.sun.javafx.event.CompositeEventHandler.dispatchBubblingEvent(CompositeEventHandler.java:80) ~[javafx-base-16-win.jar:?]
	at com.sun.javafx.event.EventHandlerManager.dispatchBubblingEvent(EventHandlerManager.java:234) ~[javafx-base-16-win.jar:?]
	at com.sun.javafx.event.EventHandlerManager.dispatchBubblingEvent(EventHandlerManager.java:191) ~[javafx-base-16-win.jar:?]
	at com.sun.javafx.event.CompositeEventDispatcher.dispatchBubblingEvent(CompositeEventDispatcher.java:59) ~[javafx-base-16-win.jar:?]
	at com.sun.javafx.event.BasicEventDispatcher.dispatchEvent(BasicEventDispatcher.java:58) ~[javafx-base-16-win.jar:?]
	at com.sun.javafx.event.EventDispatchChainImpl.dispatchEvent(EventDispatchChainImpl.java:114) ~[javafx-base-16-win.jar:?]
	at com.sun.javafx.event.BasicEventDispatcher.dispatchEvent(BasicEventDispatcher.java:56) ~[javafx-base-16-win.jar:?]
	at com.sun.javafx.event.EventDispatchChainImpl.dispatchEvent(EventDispatchChainImpl.java:114) ~[javafx-base-16-win.jar:?]
	at com.sun.javafx.event.BasicEventDispatcher.dispatchEvent(BasicEventDispatcher.java:56) ~[javafx-base-16-win.jar:?]
	at com.sun.javafx.event.EventDispatchChainImpl.dispatchEvent(EventDispatchChainImpl.java:114) ~[javafx-base-16-win.jar:?]
	at com.sun.javafx.event.EventUtil.fireEventImpl(EventUtil.java:74) ~[javafx-base-16-win.jar:?]
	at com.sun.javafx.event.EventUtil.fireEvent(EventUtil.java:54) ~[javafx-base-16-win.jar:?]
	at javafx.event.Event.fireEvent(Event.java:198) ~[javafx-base-16-win.jar:?]
	at javafx.scene.Scene$MouseHandler.process(Scene.java:3856) ~[javafx-graphics-16-win.jar:?]
	at javafx.scene.Scene.processMouseEvent(Scene.java:1851) ~[javafx-graphics-16-win.jar:?]
	at javafx.scene.Scene$ScenePeerListener.mouseEvent(Scene.java:2584) ~[javafx-graphics-16-win.jar:?]
	at com.sun.javafx.tk.quantum.GlassViewEventHandler$MouseEventNotification.run(GlassViewEventHandler.java:409) ~[javafx-graphics-16-win.jar:?]
	at com.sun.javafx.tk.quantum.GlassViewEventHandler$MouseEventNotification.run(GlassViewEventHandler.java:299) ~[javafx-graphics-16-win.jar:?]
	at java.security.AccessController.doPrivileged(Native Method) ~[?:?]
	at com.sun.javafx.tk.quantum.GlassViewEventHandler.lambda$handleMouseEvent$2(GlassViewEventHandler.java:447) ~[javafx-graphics-16-win.jar:?]
	at com.sun.javafx.tk.quantum.QuantumToolkit.runWithoutRenderLock(QuantumToolkit.java:412) ~[javafx-graphics-16-win.jar:?]
	at com.sun.javafx.tk.quantum.GlassViewEventHandler.handleMouseEvent(GlassViewEventHandler.java:446) ~[javafx-graphics-16-win.jar:?]
	at com.sun.glass.ui.View.handleMouseEvent(View.java:556) ~[javafx-graphics-16-win.jar:?]
	at com.sun.glass.ui.View.notifyMouse(View.java:942) ~[javafx-graphics-16-win.jar:?]
	at com.sun.glass.ui.win.WinApplication._runLoop(Native Method) ~[javafx-graphics-16-win.jar:?]
	at com.sun.glass.ui.win.WinApplication.lambda$runLoop$3(WinApplication.java:174) ~[javafx-graphics-16-win.jar:?]
	at java.lang.Thread.run(Thread.java:829) [?:?]
13:30:11.543 [JavaFX Application Thread] INFO  com.interncell.Main - Starting
13:30:15.060 [JavaFX Application Thread] INFO  com.interncell.controllers.LoginPageController - msisdn is: false
13:30:15.789 [JavaFX Application Thread] INFO  com.interncell.controllers.LoginPageController - msisdn is: false
13:30:16.389 [JavaFX Application Thread] INFO  com.interncell.controllers.LoginPageController - msisdn is: false
13:30:23.903 [JavaFX Application Thread] INFO  com.interncell.controllers.LoginPageController - msisdn is: false
13:30:24.978 [JavaFX Application Thread] DEBUG com.interncell.controllers.LoginPageController - Login: password.534945.password password.534945.password
13:30:25.241 [JavaFX Application Thread] INFO  com.interncell.controllers.LoginPageController - burestdegil@gmail.com AHMET bakana 5353535311231 5
